\BOOKMARK [0][]{chapter.1}{Descripci\363n del Problema}{}% 1
\BOOKMARK [1][]{section.1.1}{Planteamiento del Problema}{chapter.1}% 2
\BOOKMARK [2][]{subsection.1.1.1}{Formulaci\363n}{section.1.1}% 3
\BOOKMARK [2][]{subsection.1.1.2}{Sistematizaci\363n}{section.1.1}% 4
\BOOKMARK [1][]{section.1.2}{Objetivos}{chapter.1}% 5
\BOOKMARK [2][]{subsection.1.2.1}{Objetivo General}{section.1.2}% 6
\BOOKMARK [2][]{subsection.1.2.2}{Objetivos Espec\355ficos}{section.1.2}% 7
\BOOKMARK [1][]{section.1.3}{Justificaci\363n}{chapter.1}% 8
\BOOKMARK [1][]{section.1.4}{Delimitaciones y Alcances}{chapter.1}% 9
\BOOKMARK [2][]{subsection.1.4.1}{Entregables}{section.1.4}% 10
\BOOKMARK [0][]{chapter.2}{Desarrollo del Proyecto}{}% 11
\BOOKMARK [1][]{section.2.1}{Marco de Referencia}{chapter.2}% 12
\BOOKMARK [2][]{subsection.2.1.1}{\301reas Tem\341ticas}{section.2.1}% 13
\BOOKMARK [2][]{subsection.2.1.2}{Marco Te\363rico}{section.2.1}% 14
\BOOKMARK [2][]{subsection.2.1.3}{Trabajos Relacionados}{section.2.1}% 15
\BOOKMARK [1][]{section.2.2}{Metodolog\355a}{chapter.2}% 16
\BOOKMARK [2][]{subsection.2.2.1}{Tipo de Estudio}{section.2.2}% 17
\BOOKMARK [2][]{subsection.2.2.2}{Actividades}{section.2.2}% 18
\BOOKMARK [1][]{section.2.3}{Resultados Esperados}{chapter.2}% 19
\BOOKMARK [1][]{section.2.4}{Cronograma}{chapter.2}% 20
\BOOKMARK [1][]{section.2.5}{Recursos}{chapter.2}% 21
\BOOKMARK [2][]{subsection.2.5.1}{Humanos}{section.2.5}% 22
\BOOKMARK [2][]{subsection.2.5.2}{T\351cnicos}{section.2.5}% 23
\BOOKMARK [2][]{subsection.2.5.3}{Presupuesto}{section.2.5}% 24
